0 info it worked if it ends with ok
1 verbose cli [ '/Users/Pockoface/.nvm/versions/node/v5.8.0/bin/node',
1 verbose cli   '/Users/Pockoface/.nvm/versions/node/v5.8.0/bin/npm',
1 verbose cli   'run',
1 verbose cli   'lint' ]
2 info using npm@3.10.5
3 info using node@v5.8.0
4 verbose run-script [ 'prelint', 'lint', 'postlint' ]
5 info lifecycle carfit-frontend@~prelint: carfit-frontend@
6 silly lifecycle carfit-frontend@~prelint: no script for prelint, continuing
7 info lifecycle carfit-frontend@~lint: carfit-frontend@
8 verbose lifecycle carfit-frontend@~lint: unsafe-perm in lifecycle true
9 verbose lifecycle carfit-frontend@~lint: PATH: /Users/Pockoface/.nvm/versions/node/v5.8.0/lib/node_modules/npm/bin/node-gyp-bin:/Users/Pockoface/Desktop/log515-frontend/node_modules/.bin:/Users/Pockoface/.nvm/versions/node/v5.8.0/bin:/Users/Pockoface/.nvm/versions/node/v5.8.0/bin:/Library/Frameworks/Python.framework/Versions/3.5/bin:/Applications/MAMP/bin/php/php5.6.7/bin:/Library/Frameworks/Python.framework/Versions/3.4/bin:/usr/local/bin:/usr/bin:/bin:/usr/sbin:/sbin:/usr/texbin:/Users/Pockoface/apache-maven-3.3.9/bin
10 verbose lifecycle carfit-frontend@~lint: CWD: /Users/Pockoface/Desktop/log515-frontend
11 silly lifecycle carfit-frontend@~lint: Args: [ '-c', 'eslint --ext .js,.vue src test/unit' ]
12 silly lifecycle carfit-frontend@~lint: Returned: code: 1  signal: null
13 info lifecycle carfit-frontend@~lint: Failed to exec lint script
14 verbose stack Error: carfit-frontend@ lint: `eslint --ext .js,.vue src test/unit`
14 verbose stack Exit status 1
14 verbose stack     at EventEmitter.<anonymous> (/Users/Pockoface/.nvm/versions/node/v5.8.0/lib/node_modules/npm/lib/utils/lifecycle.js:242:16)
14 verbose stack     at emitTwo (events.js:100:13)
14 verbose stack     at EventEmitter.emit (events.js:185:7)
14 verbose stack     at ChildProcess.<anonymous> (/Users/Pockoface/.nvm/versions/node/v5.8.0/lib/node_modules/npm/lib/utils/spawn.js:40:14)
14 verbose stack     at emitTwo (events.js:100:13)
14 verbose stack     at ChildProcess.emit (events.js:185:7)
14 verbose stack     at maybeClose (internal/child_process.js:850:16)
14 verbose stack     at Process.ChildProcess._handle.onexit (internal/child_process.js:215:5)
15 verbose pkgid carfit-frontend@
16 verbose cwd /Users/Pockoface/Desktop/log515-frontend
17 error Darwin 15.6.0
18 error argv "/Users/Pockoface/.nvm/versions/node/v5.8.0/bin/node" "/Users/Pockoface/.nvm/versions/node/v5.8.0/bin/npm" "run" "lint"
19 error node v5.8.0
20 error npm  v3.10.5
21 error code ELIFECYCLE
22 error carfit-frontend@ lint: `eslint --ext .js,.vue src test/unit`
22 error Exit status 1
23 error Failed at the carfit-frontend@ lint script 'eslint --ext .js,.vue src test/unit'.
23 error Make sure you have the latest version of node.js and npm installed.
23 error If you do, this is most likely a problem with the carfit-frontend package,
23 error not with npm itself.
23 error Tell the author that this fails on your system:
23 error     eslint --ext .js,.vue src test/unit
23 error You can get information on how to open an issue for this project with:
23 error     npm bugs carfit-frontend
23 error Or if that isn't available, you can get their info via:
23 error     npm owner ls carfit-frontend
23 error There is likely additional logging output above.
24 verbose exit [ 1, true ]
